@!@!@STARTMSG 2262:0 @!@!@
TLC2 Version 2.16 of 31 December 2020 (rev: cdddf55)
@!@!@ENDMSG 2262 @!@!@
@!@!@STARTMSG 2187:0 @!@!@
Running breadth-first search Model-Checking with fp 101 and seed -5507111001170603019 with 1 worker on 10 cores with 7282MB heap and 64MB offheap memory [pid: 28946] (Mac OS X 12.6.5 aarch64, Homebrew 20 x86_64, MSBDiskFPSet, DiskStateQueue).
@!@!@ENDMSG 2187 @!@!@
@!@!@STARTMSG 2220:0 @!@!@
Starting SANY...
@!@!@ENDMSG 2220 @!@!@
Parsing file /Users/ejacobus/gitroot/TLAPLUS_Concurrency/SimpleQueue.tla
Parsing file /private/var/folders/nr/04wbhk494k13_g4yg318vhtw0000gr/T/Integers.tla
Parsing file /private/var/folders/nr/04wbhk494k13_g4yg318vhtw0000gr/T/Naturals.tla
Parsing file /private/var/folders/nr/04wbhk494k13_g4yg318vhtw0000gr/T/TLC.tla
Parsing file /private/var/folders/nr/04wbhk494k13_g4yg318vhtw0000gr/T/Sequences.tla
Parsing file /private/var/folders/nr/04wbhk494k13_g4yg318vhtw0000gr/T/FiniteSets.tla
Semantic processing of module Naturals
Semantic processing of module Integers
Semantic processing of module Sequences
Semantic processing of module FiniteSets
Semantic processing of module TLC
Semantic processing of module SimpleQueue
@!@!@STARTMSG 2219:0 @!@!@
SANY finished.
@!@!@ENDMSG 2219 @!@!@
@!@!@STARTMSG 2185:0 @!@!@
Starting... (2023-05-02 11:41:41)
@!@!@ENDMSG 2185 @!@!@
@!@!@STARTMSG 2189:0 @!@!@
Computing initial states...
@!@!@ENDMSG 2189 @!@!@
@!@!@STARTMSG 2190:0 @!@!@
Finished computing initial states: 1 distinct state generated at 2023-05-02 11:41:41.
@!@!@ENDMSG 2190 @!@!@
@!@!@STARTMSG 2193:0 @!@!@
Model checking completed. No error has been found.
  Estimates of the probability that TLC did not check all reachable states
  because two distinct states had the same fingerprint:
  calculated (optimistic):  val = 2.6E-15
@!@!@ENDMSG 2193 @!@!@
@!@!@STARTMSG 2201:0 @!@!@
The coverage statistics at 2023-05-02 11:41:41
@!@!@ENDMSG 2201 @!@!@
@!@!@STARTMSG 2773:0 @!@!@
<Init line 53, col 1 to line 53, col 4 of module SimpleQueue>: 1:1
@!@!@ENDMSG 2773 @!@!@
@!@!@STARTMSG 2221:0 @!@!@
  line 54, col 9 to line 61, col 70 of module SimpleQueue: 1
@!@!@ENDMSG 2221 @!@!@
@!@!@STARTMSG 2772:0 @!@!@
<a1 line 63, col 1 to line 63, col 2 of module SimpleQueue>: 6:45
@!@!@ENDMSG 2772 @!@!@
@!@!@STARTMSG 2221:0 @!@!@
  line 63, col 10 to line 63, col 35 of module SimpleQueue: 207
@!@!@ENDMSG 2221 @!@!@
@!@!@STARTMSG 2221:0 @!@!@
  |line 63, col 10 to line 63, col 28 of module SimpleQueue: 162
@!@!@ENDMSG 2221 @!@!@
@!@!@STARTMSG 2221:0 @!@!@
  line 64, col 10 to line 64, col 26 of module SimpleQueue: 45
@!@!@ENDMSG 2221 @!@!@
@!@!@STARTMSG 2221:0 @!@!@
  |line 64, col 10 to line 64, col 19 of module SimpleQueue: 54
@!@!@ENDMSG 2221 @!@!@
@!@!@STARTMSG 2221:0 @!@!@
  |line 64, col 23 to line 64, col 26 of module SimpleQueue: 54
@!@!@ENDMSG 2221 @!@!@
@!@!@STARTMSG 2221:0 @!@!@
  line 65, col 10 to line 65, col 37 of module SimpleQueue: 45
@!@!@ENDMSG 2221 @!@!@
@!@!@STARTMSG 2221:0 @!@!@
  line 66, col 10 to line 66, col 52 of module SimpleQueue: 45
@!@!@ENDMSG 2221 @!@!@
@!@!@STARTMSG 2221:0 @!@!@
  line 67, col 10 to line 67, col 74 of module SimpleQueue: 45
@!@!@ENDMSG 2221 @!@!@
@!@!@STARTMSG 2772:0 @!@!@
<a2 line 69, col 1 to line 69, col 2 of module SimpleQueue>: 6:54
@!@!@ENDMSG 2772 @!@!@
@!@!@STARTMSG 2221:0 @!@!@
  line 69, col 10 to line 69, col 35 of module SimpleQueue: 216
@!@!@ENDMSG 2221 @!@!@
@!@!@STARTMSG 2221:0 @!@!@
  |line 69, col 10 to line 69, col 28 of module SimpleQueue: 162
@!@!@ENDMSG 2221 @!@!@
@!@!@STARTMSG 2221:0 @!@!@
  line 70, col 10 to line 70, col 13 of module SimpleQueue: 54
@!@!@ENDMSG 2221 @!@!@
@!@!@STARTMSG 2221:0 @!@!@
  line 71, col 10 to line 71, col 52 of module SimpleQueue: 54
@!@!@ENDMSG 2221 @!@!@
@!@!@STARTMSG 2221:0 @!@!@
  line 72, col 10 to line 73, col 35 of module SimpleQueue: 54
@!@!@ENDMSG 2221 @!@!@
@!@!@STARTMSG 2772:0 @!@!@
<a3 line 75, col 1 to line 75, col 2 of module SimpleQueue>: 6:54
@!@!@ENDMSG 2772 @!@!@
@!@!@STARTMSG 2221:0 @!@!@
  line 75, col 10 to line 75, col 35 of module SimpleQueue: 216
@!@!@ENDMSG 2221 @!@!@
@!@!@STARTMSG 2221:0 @!@!@
  |line 75, col 10 to line 75, col 28 of module SimpleQueue: 162
@!@!@ENDMSG 2221 @!@!@
@!@!@STARTMSG 2221:0 @!@!@
  line 76, col 10 to line 76, col 52 of module SimpleQueue: 54
@!@!@ENDMSG 2221 @!@!@
@!@!@STARTMSG 2221:0 @!@!@
  line 77, col 10 to line 78, col 35 of module SimpleQueue: 54
@!@!@ENDMSG 2221 @!@!@
@!@!@STARTMSG 2772:0 @!@!@
<A1 line 82, col 1 to line 82, col 2 of module SimpleQueue>: 18:45
@!@!@ENDMSG 2772 @!@!@
@!@!@STARTMSG 2221:0 @!@!@
  line 82, col 10 to line 82, col 33 of module SimpleQueue: 207
@!@!@ENDMSG 2221 @!@!@
@!@!@STARTMSG 2221:0 @!@!@
  |line 82, col 10 to line 82, col 26 of module SimpleQueue: 162
@!@!@ENDMSG 2221 @!@!@
@!@!@STARTMSG 2221:0 @!@!@
  line 83, col 10 to line 83, col 23 of module SimpleQueue: 45
@!@!@ENDMSG 2221 @!@!@
@!@!@STARTMSG 2221:0 @!@!@
  |line 83, col 10 to line 83, col 19 of module SimpleQueue: 54
@!@!@ENDMSG 2221 @!@!@
@!@!@STARTMSG 2221:0 @!@!@
  line 84, col 10 to line 84, col 37 of module SimpleQueue: 45
@!@!@ENDMSG 2221 @!@!@
@!@!@STARTMSG 2221:0 @!@!@
  line 85, col 10 to line 85, col 50 of module SimpleQueue: 45
@!@!@ENDMSG 2221 @!@!@
@!@!@STARTMSG 2221:0 @!@!@
  line 86, col 10 to line 86, col 74 of module SimpleQueue: 45
@!@!@ENDMSG 2221 @!@!@
@!@!@STARTMSG 2772:0 @!@!@
<A2 line 88, col 1 to line 88, col 2 of module SimpleQueue>: 21:54
@!@!@ENDMSG 2772 @!@!@
@!@!@STARTMSG 2221:0 @!@!@
  line 88, col 10 to line 88, col 33 of module SimpleQueue: 216
@!@!@ENDMSG 2221 @!@!@
@!@!@STARTMSG 2221:0 @!@!@
  |line 88, col 10 to line 88, col 26 of module SimpleQueue: 162
@!@!@ENDMSG 2221 @!@!@
@!@!@STARTMSG 2221:0 @!@!@
  line 89, col 10 to line 89, col 13 of module SimpleQueue: 54
@!@!@ENDMSG 2221 @!@!@
@!@!@STARTMSG 2221:0 @!@!@
  line 90, col 10 to line 90, col 50 of module SimpleQueue: 54
@!@!@ENDMSG 2221 @!@!@
@!@!@STARTMSG 2221:0 @!@!@
  line 91, col 10 to line 92, col 35 of module SimpleQueue: 54
@!@!@ENDMSG 2221 @!@!@
@!@!@STARTMSG 2772:0 @!@!@
<A3 line 94, col 1 to line 94, col 2 of module SimpleQueue>: 5:54
@!@!@ENDMSG 2772 @!@!@
@!@!@STARTMSG 2221:0 @!@!@
  line 94, col 10 to line 94, col 33 of module SimpleQueue: 216
@!@!@ENDMSG 2221 @!@!@
@!@!@STARTMSG 2221:0 @!@!@
  |line 94, col 10 to line 94, col 26 of module SimpleQueue: 162
@!@!@ENDMSG 2221 @!@!@
@!@!@STARTMSG 2221:0 @!@!@
  line 95, col 10 to line 95, col 50 of module SimpleQueue: 54
@!@!@ENDMSG 2221 @!@!@
@!@!@STARTMSG 2221:0 @!@!@
  line 96, col 10 to line 97, col 35 of module SimpleQueue: 54
@!@!@ENDMSG 2221 @!@!@
@!@!@STARTMSG 2772:0 @!@!@
<N1 line 101, col 1 to line 101, col 2 of module SimpleQueue>: 45:45
@!@!@ENDMSG 2772 @!@!@
@!@!@STARTMSG 2221:0 @!@!@
  line 101, col 10 to line 101, col 31 of module SimpleQueue: 207
@!@!@ENDMSG 2221 @!@!@
@!@!@STARTMSG 2221:0 @!@!@
  |line 101, col 10 to line 101, col 24 of module SimpleQueue: 162
@!@!@ENDMSG 2221 @!@!@
@!@!@STARTMSG 2221:0 @!@!@
  line 102, col 10 to line 102, col 26 of module SimpleQueue: 45
@!@!@ENDMSG 2221 @!@!@
@!@!@STARTMSG 2221:0 @!@!@
  |line 102, col 10 to line 102, col 19 of module SimpleQueue: 54
@!@!@ENDMSG 2221 @!@!@
@!@!@STARTMSG 2221:0 @!@!@
  |line 102, col 23 to line 102, col 26 of module SimpleQueue: 54
@!@!@ENDMSG 2221 @!@!@
@!@!@STARTMSG 2221:0 @!@!@
  line 103, col 10 to line 103, col 37 of module SimpleQueue: 45
@!@!@ENDMSG 2221 @!@!@
@!@!@STARTMSG 2221:0 @!@!@
  line 104, col 10 to line 104, col 48 of module SimpleQueue: 45
@!@!@ENDMSG 2221 @!@!@
@!@!@STARTMSG 2221:0 @!@!@
  line 105, col 10 to line 105, col 74 of module SimpleQueue: 45
@!@!@ENDMSG 2221 @!@!@
@!@!@STARTMSG 2772:0 @!@!@
<N2 line 107, col 1 to line 107, col 2 of module SimpleQueue>: 54:54
@!@!@ENDMSG 2772 @!@!@
@!@!@STARTMSG 2221:0 @!@!@
  line 107, col 10 to line 107, col 31 of module SimpleQueue: 216
@!@!@ENDMSG 2221 @!@!@
@!@!@STARTMSG 2221:0 @!@!@
  |line 107, col 10 to line 107, col 24 of module SimpleQueue: 162
@!@!@ENDMSG 2221 @!@!@
@!@!@STARTMSG 2221:0 @!@!@
  line 108, col 10 to line 108, col 13 of module SimpleQueue: 54
@!@!@ENDMSG 2221 @!@!@
@!@!@STARTMSG 2221:0 @!@!@
  line 109, col 10 to line 109, col 48 of module SimpleQueue: 54
@!@!@ENDMSG 2221 @!@!@
@!@!@STARTMSG 2221:0 @!@!@
  line 110, col 10 to line 111, col 35 of module SimpleQueue: 54
@!@!@ENDMSG 2221 @!@!@
@!@!@STARTMSG 2772:0 @!@!@
<N3 line 113, col 1 to line 113, col 2 of module SimpleQueue>: 0:54
@!@!@ENDMSG 2772 @!@!@
@!@!@STARTMSG 2221:0 @!@!@
  line 113, col 10 to line 113, col 31 of module SimpleQueue: 216
@!@!@ENDMSG 2221 @!@!@
@!@!@STARTMSG 2221:0 @!@!@
  |line 113, col 10 to line 113, col 24 of module SimpleQueue: 162
@!@!@ENDMSG 2221 @!@!@
@!@!@STARTMSG 2221:0 @!@!@
  line 114, col 10 to line 114, col 48 of module SimpleQueue: 54
@!@!@ENDMSG 2221 @!@!@
@!@!@STARTMSG 2221:0 @!@!@
  line 115, col 10 to line 116, col 35 of module SimpleQueue: 54
@!@!@ENDMSG 2221 @!@!@
@!@!@STARTMSG 2772:0 @!@!@
<Terminating line 121, col 1 to line 121, col 11 of module SimpleQueue>: 0:0
@!@!@ENDMSG 2772 @!@!@
@!@!@STARTMSG 2221:0 @!@!@
  line 121, col 19 to line 121, col 56 of module SimpleQueue: 162
@!@!@ENDMSG 2221 @!@!@
@!@!@STARTMSG 2221:0 @!@!@
  line 122, col 19 to line 122, col 32 of module SimpleQueue: 0
@!@!@ENDMSG 2221 @!@!@
@!@!@STARTMSG 2202:0 @!@!@
End of statistics.
@!@!@ENDMSG 2202 @!@!@
@!@!@STARTMSG 2200:0 @!@!@
Progress(21) at 2023-05-02 11:41:41: 460 states generated (53,592 s/min), 162 distinct states found (18,873 ds/min), 0 states left on queue.
@!@!@ENDMSG 2200 @!@!@
@!@!@STARTMSG 2199:0 @!@!@
460 states generated, 162 distinct states found, 0 states left on queue.
@!@!@ENDMSG 2199 @!@!@
@!@!@STARTMSG 2194:0 @!@!@
The depth of the complete state graph search is 21.
@!@!@ENDMSG 2194 @!@!@
@!@!@STARTMSG 2268:0 @!@!@
The average outdegree of the complete state graph is 1 (minimum is 0, the maximum 3 and the 95th percentile is 3).
@!@!@ENDMSG 2268 @!@!@
@!@!@STARTMSG 2186:0 @!@!@
Finished in 527ms at (2023-05-02 11:41:41)
@!@!@ENDMSG 2186 @!@!@
